<?xml version="1.0" encoding="UTF-8"?>
<!-- Generated by org.testng.reporters.JUnitReportReporter -->
<testsuite hostname="Jitender" name="practice_qs.Waits" tests="1" failures="0" timestamp="4 Oct 2018 12:03:17 GMT" time="28.952" errors="0">
  <testcase name="test_case" time="28.952" classname="practice_qs.Waits"/>
</testsuite> <!-- practice_qs.Waits -->
